2023.09.15 11:11:22 INFO  Started: Metals version 1.0.1 in folders 'C:\Users\User\Desktop\atividade-rafael-main' for client Visual Studio Code 1.82.0.
set 15, 2023 11:11:22 AM org.flywaydb.core.internal.license.VersionPrinter printVersionOnly
INFORMA합ES: Flyway Community Edition 9.21.2 by Redgate
set 15, 2023 11:11:22 AM org.flywaydb.core.internal.license.VersionPrinter printVersion
INFORMA합ES: See release notes here: https://rd.gt/416ObMi
set 15, 2023 11:11:22 AM org.flywaydb.core.internal.license.VersionPrinter printVersion
INFORMA합ES: 
set 15, 2023 11:11:23 AM org.flywaydb.core.FlywayExecutor execute
INFORMA합ES: Database: jdbc:h2:file:C:\Users\User\Desktop\atividade-rafael-main\.metals\metals (H2 2.1)
set 15, 2023 11:11:23 AM org.flywaydb.core.internal.schemahistory.JdbcTableSchemaHistory allAppliedMigrations
INFORMA합ES: Schema history table "PUBLIC"."flyway_schema_history" does not exist yet
set 15, 2023 11:11:23 AM org.flywaydb.core.internal.command.DbValidate validate
INFORMA합ES: Successfully validated 4 migrations (execution time 00:00.010s)
set 15, 2023 11:11:23 AM org.flywaydb.core.internal.schemahistory.JdbcTableSchemaHistory create
INFORMA합ES: Creating Schema History table "PUBLIC"."flyway_schema_history" ...
set 15, 2023 11:11:23 AM org.flywaydb.core.internal.command.DbMigrate migrateGroup
INFORMA합ES: Current version of schema "PUBLIC": << Empty Schema >>
set 15, 2023 11:11:23 AM org.flywaydb.core.internal.command.DbMigrate doMigrateGroup
INFORMA합ES: Migrating schema "PUBLIC" to version "1 - Create tables"
set 15, 2023 11:11:23 AM org.flywaydb.core.internal.command.DbMigrate doMigrateGroup
INFORMA합ES: Migrating schema "PUBLIC" to version "2 - Server discovery"
set 15, 2023 11:11:23 AM org.flywaydb.core.internal.command.DbMigrate doMigrateGroup
INFORMA합ES: Migrating schema "PUBLIC" to version "3 - Jar symbols"
set 15, 2023 11:11:23 AM org.flywaydb.core.internal.command.DbMigrate doMigrateGroup
INFORMA합ES: Migrating schema "PUBLIC" to version "4 - Fingerprints"
set 15, 2023 11:11:23 AM org.flywaydb.core.internal.command.DbMigrate logSummary
INFORMA합ES: Successfully applied 4 migrations to schema "PUBLIC", now at version v4 (execution time 00:00.010s)
2023.09.15 11:11:23 INFO  time: initialize in 0.41s
2023.09.15 11:11:23 WARN  Build server is not auto-connectable.
2023.09.15 11:11:23 WARN  no build tool detected in workspace 'C:\Users\User\Desktop\atividade-rafael-main'. The most common cause for this problem is that the editor was opened in the wrong working directory, for example if you use sbt then the workspace directory should contain build.sbt. 
2023.09.15 12:38:54 INFO  Shutting down server
2023.09.15 12:38:54 INFO  shutting down Metals
2023.09.15 12:38:54 INFO  Exiting server
